{
  "RSpec": {
    "coverage": {
      "/home/acseler/cources/circle_ci_example_spring_2019/app/models/school.rb": [
        null,
        1,
        1,
        null
      ],
      "/home/acseler/cources/circle_ci_example_spring_2019/app/models/student_attendance.rb": [
        1,
        1,
        null
      ],
      "/home/acseler/cources/circle_ci_example_spring_2019/app/models/zone.rb": [
        1,
        1,
        1,
        null
      ],
      "/home/acseler/cources/circle_ci_example_spring_2019/app/services/student_attendances/process.rb": [
        1,
        1,
        1,
        7,
        null,
        null,
        1,
        7,
        7,
        null,
        7,
        7,
        14,
        null,
        14,
        null,
        7,
        7,
        null,
        null,
        21,
        null,
        14,
        null,
        7,
        7,
        null,
        7,
        7,
        12,
        6,
        6,
        5,
        null,
        1,
        null,
        null,
        7,
        7,
        null,
        null,
        1,
        null,
        1,
        null,
        null
      ]
    },
    "timestamp": 1561049386
  }
}
